2023-07-25 20:19:50,809 INFO o.s.b.StartupInfoLogger [restartedMain] Starting SportApiApplication using Java 17.0.5 with PID 99754 (/Users/eddieabramov/Desktop/spring/sport_api/target/classes started by eddieabramov in /Users/eddieabramov/Desktop/spring/sport_api)
2023-07-25 20:19:50,813 INFO o.s.b.SpringApplication [restartedMain] No active profile set, falling back to 1 default profile: "default"
2023-07-25 20:19:50,838 INFO o.s.b.l.DeferredLog [restartedMain] Devtools property defaults active! Set 'spring.devtools.add-properties' to 'false' to disable
2023-07-25 20:19:50,838 INFO o.s.b.l.DeferredLog [restartedMain] For additional web related logging consider setting the 'logging.level.web' property to 'DEBUG'
2023-07-25 20:19:51,045 INFO o.s.d.r.c.RepositoryConfigurationDelegate [restartedMain] Bootstrapping Spring Data JPA repositories in DEFAULT mode.
2023-07-25 20:19:51,051 INFO o.s.d.r.c.RepositoryConfigurationDelegate [restartedMain] Finished Spring Data repository scanning in 2 ms. Found 0 JPA repository interfaces.
2023-07-25 20:19:51,053 INFO o.s.d.r.c.RepositoryConfigurationDelegate [restartedMain] Bootstrapping Spring Data JPA repositories in DEFAULT mode.
2023-07-25 20:19:51,079 INFO o.s.d.r.c.RepositoryConfigurationDelegate [restartedMain] Finished Spring Data repository scanning in 25 ms. Found 12 JPA repository interfaces.
2023-07-25 20:19:51,443 INFO o.s.b.w.e.t.TomcatWebServer [restartedMain] Tomcat initialized with port(s): 8080 (http)
2023-07-25 20:19:51,448 INFO o.a.j.l.DirectJDKLog [restartedMain] Initializing ProtocolHandler ["http-nio-8080"]
2023-07-25 20:19:51,449 INFO o.a.j.l.DirectJDKLog [restartedMain] Starting service [Tomcat]
2023-07-25 20:19:51,449 INFO o.a.j.l.DirectJDKLog [restartedMain] Starting Servlet engine: [Apache Tomcat/10.1.11]
2023-07-25 20:19:51,477 INFO o.a.j.l.DirectJDKLog [restartedMain] Initializing Spring embedded WebApplicationContext
2023-07-25 20:19:51,478 INFO o.s.b.w.s.c.ServletWebServerApplicationContext [restartedMain] Root WebApplicationContext: initialization completed in 639 ms
2023-07-25 20:19:51,711 INFO o.s.o.j.p.SpringPersistenceUnitInfo [restartedMain] No LoadTimeWeaver setup: ignoring JPA class transformer
2023-07-25 20:19:51,722 INFO c.z.h.HikariDataSource [restartedMain] HikariPool-1 - Starting...
2023-07-25 20:19:51,880 INFO c.z.h.p.HikariPool [restartedMain] HikariPool-1 - Added connection com.mysql.cj.jdbc.ConnectionImpl@5e2d479a
2023-07-25 20:19:51,881 INFO c.z.h.HikariDataSource [restartedMain] HikariPool-1 - Start completed.
2023-07-25 20:19:52,521 INFO o.s.o.j.AbstractEntityManagerFactoryBean [restartedMain] Initialized JPA EntityManagerFactory for persistence unit 'betting'
2023-07-25 20:19:52,549 INFO o.s.o.j.p.SpringPersistenceUnitInfo [restartedMain] No LoadTimeWeaver setup: ignoring JPA class transformer
2023-07-25 20:19:52,550 INFO c.z.h.HikariDataSource [restartedMain] HikariPool-2 - Starting...
2023-07-25 20:19:52,566 INFO c.z.h.p.HikariPool [restartedMain] HikariPool-2 - Added connection com.mysql.cj.jdbc.ConnectionImpl@65b1e0ca
2023-07-25 20:19:52,566 INFO c.z.h.HikariDataSource [restartedMain] HikariPool-2 - Start completed.
2023-07-25 20:19:53,713 INFO o.s.o.j.AbstractEntityManagerFactoryBean [restartedMain] Initialized JPA EntityManagerFactory for persistence unit 'soccer'
2023-07-25 20:19:53,829 INFO o.s.d.j.r.q.QueryEnhancerFactory [restartedMain] Hibernate is in classpath; If applicable, HQL parser will be used.
2023-07-25 20:19:54,319 INFO o.s.b.d.a.OptionalLiveReloadServer [restartedMain] LiveReload server is running on port 35729
2023-07-25 20:19:54,328 INFO o.a.j.l.DirectJDKLog [restartedMain] Starting ProtocolHandler ["http-nio-8080"]
2023-07-25 20:19:54,335 INFO o.s.b.w.e.t.TomcatWebServer [restartedMain] Tomcat started on port(s): 8080 (http) with context path ''
2023-07-25 20:19:54,343 INFO o.s.b.StartupInfoLogger [restartedMain] Started SportApiApplication in 3.753 seconds (process running for 4.107)
